<?xml version="1.0" encoding="UTF-8"?>
<testsuite xmlns:xsi="http://www.w3.org/2001/XMLSchema-instance" xsi:noNamespaceSchemaLocation="https://maven.apache.org/surefire/maven-surefire-plugin/xsd/surefire-test-report-3.0.xsd" version="3.0" name="telran.strings.RegularExpressionsTest" time="0.075" tests="11" errors="0" skipped="0" failures="0">
  <properties>
    <property name="java.specification.version" value="22"/>
    <property name="sun.cpu.isalist" value="amd64"/>
    <property name="sun.jnu.encoding" value="Cp1252"/>
    <property name="java.class.path" value="C:\Users\leviy\OneDrive\Документы\Beersheva24\java-projects\strings\target\test-classes;C:\Users\leviy\OneDrive\Документы\Beersheva24\java-projects\strings\target\classes;C:\Users\leviy\.m2\repository\org\junit\jupiter\junit-jupiter-api\5.10.3\junit-jupiter-api-5.10.3.jar;C:\Users\leviy\.m2\repository\org\opentest4j\opentest4j\1.3.0\opentest4j-1.3.0.jar;C:\Users\leviy\.m2\repository\org\junit\platform\junit-platform-commons\1.10.3\junit-platform-commons-1.10.3.jar;C:\Users\leviy\.m2\repository\org\apiguardian\apiguardian-api\1.1.2\apiguardian-api-1.1.2.jar;"/>
    <property name="java.vm.vendor" value="Oracle Corporation"/>
    <property name="sun.arch.data.model" value="64"/>
    <property name="user.variant" value=""/>
    <property name="java.vendor.url" value="https://java.oracle.com/"/>
    <property name="user.timezone" value="Asia/Jerusalem"/>
    <property name="user.country.format" value="IL"/>
    <property name="os.name" value="Windows 11"/>
    <property name="java.vm.specification.version" value="22"/>
    <property name="user.country" value="GB"/>
    <property name="sun.java.launcher" value="SUN_STANDARD"/>
    <property name="sun.boot.library.path" value="C:\Program Files\Java\jdk-22\bin"/>
    <property name="sun.java.command" value="C:\Users\leviy\AppData\Local\Temp\surefire4743203180876649752\surefirebooter-20240810131116282_3.jar C:\Users\leviy\AppData\Local\Temp\surefire4743203180876649752 2024-08-10T13-11-16_151-jvmRun1 surefire-20240810131116282_1tmp surefire_0-20240810131116282_2tmp"/>
    <property name="jdk.debug" value="release"/>
    <property name="test" value="telran.strings.RegularExpressionsTest"/>
    <property name="surefire.test.class.path" value="C:\Users\leviy\OneDrive\Документы\Beersheva24\java-projects\strings\target\test-classes;C:\Users\leviy\OneDrive\Документы\Beersheva24\java-projects\strings\target\classes;C:\Users\leviy\.m2\repository\org\junit\jupiter\junit-jupiter-api\5.10.3\junit-jupiter-api-5.10.3.jar;C:\Users\leviy\.m2\repository\org\opentest4j\opentest4j\1.3.0\opentest4j-1.3.0.jar;C:\Users\leviy\.m2\repository\org\junit\platform\junit-platform-commons\1.10.3\junit-platform-commons-1.10.3.jar;C:\Users\leviy\.m2\repository\org\apiguardian\apiguardian-api\1.1.2\apiguardian-api-1.1.2.jar;"/>
    <property name="sun.cpu.endian" value="little"/>
    <property name="user.home" value="C:\Users\leviy"/>
    <property name="user.language" value="en"/>
    <property name="java.specification.vendor" value="Oracle Corporation"/>
    <property name="java.version.date" value="2024-04-16"/>
    <property name="java.home" value="C:\Program Files\Java\jdk-22"/>
    <property name="file.separator" value="\"/>
    <property name="basedir" value="C:\Users\leviy\OneDrive\Документы\Beersheva24\java-projects\strings"/>
    <property name="java.vm.compressedOopsMode" value="Zero based"/>
    <property name="line.separator" value="&#10;"/>
    <property name="java.vm.specification.vendor" value="Oracle Corporation"/>
    <property name="java.specification.name" value="Java Platform API Specification"/>
    <property name="surefire.real.class.path" value="C:\Users\leviy\AppData\Local\Temp\surefire4743203180876649752\surefirebooter-20240810131116282_3.jar"/>
    <property name="user.script" value=""/>
    <property name="sun.management.compiler" value="HotSpot 64-Bit Tiered Compilers"/>
    <property name="java.runtime.version" value="22.0.1+8-16"/>
    <property name="user.name" value="leviy"/>
    <property name="stdout.encoding" value="Cp1252"/>
    <property name="path.separator" value=";"/>
    <property name="os.version" value="10.0"/>
    <property name="java.runtime.name" value="Java(TM) SE Runtime Environment"/>
    <property name="file.encoding" value="UTF-8"/>
    <property name="java.vm.name" value="Java HotSpot(TM) 64-Bit Server VM"/>
    <property name="maven.ext.class.path" value="C:\Users\leviy\.vscode\extensions\oracle.oracle-java-22.1.1\nbcode\java\maven-nblib\netbeans-eventspy.jar"/>
    <property name="localRepository" value="C:\Users\leviy\.m2\repository"/>
    <property name="java.vendor.url.bug" value="https://bugreport.java.com/bugreport/"/>
    <property name="java.io.tmpdir" value="C:\Users\leviy\AppData\Local\Temp\"/>
    <property name="java.version" value="22.0.1"/>
    <property name="user.dir" value="C:\Users\leviy\OneDrive\Документы\Beersheva24\java-projects\strings"/>
    <property name="os.arch" value="amd64"/>
    <property name="java.vm.specification.name" value="Java Virtual Machine Specification"/>
    <property name="sun.os.patch.level" value=""/>
    <property name="native.encoding" value="Cp1252"/>
    <property name="java.library.path" value="C:\Program Files\Java\jdk-22\bin;C:\windows\Sun\Java\bin;C:\windows\system32;C:\windows;C:\Program Files\Common Files\Oracle\Java\javapath;C:\windows\system32;C:\windows;C:\windows\System32\Wbem;C:\windows\System32\WindowsPowerShell\v1.0\;C:\windows\System32\OpenSSH\;C:\Program Files\Git\cmd;C:\Program Files\apache-maven-3.9.8\bin;C:\Users\leviy\AppData\Local\Microsoft\WindowsApps;C:\Program Files\apache-maven-3.9.8\bin;C:\Users\leviy\AppData\Local\Programs\Microsoft VS Code\bin;."/>
    <property name="java.vm.info" value="mixed mode, sharing"/>
    <property name="stderr.encoding" value="Cp1252"/>
    <property name="java.vendor" value="Oracle Corporation"/>
    <property name="java.vm.version" value="22.0.1+8-16"/>
    <property name="sun.io.unicode.encoding" value="UnicodeLittle"/>
    <property name="java.class.version" value="66.0"/>
  </properties>
  <testcase name="stringWithJavaNamesTest" classname="telran.strings.RegularExpressionsTest" time="0.036"/>
  <testcase name="isArithmeticExpressionTrueTest" classname="telran.strings.RegularExpressionsTest" time="0.003"/>
  <testcase name="ipV4OctetFalseTest" classname="telran.strings.RegularExpressionsTest" time="0.002"/>
  <testcase name="ipV4AddressFalseTest" classname="telran.strings.RegularExpressionsTest" time="0.002"/>
  <testcase name="ipV4OctetTrueTest" classname="telran.strings.RegularExpressionsTest" time="0.001"/>
  <testcase name="isArithmeticExpressionFalseTest" classname="telran.strings.RegularExpressionsTest" time="0.002"/>
  <testcase name="javaVariableFalseTest" classname="telran.strings.RegularExpressionsTest" time="0.001"/>
  <testcase name="javaVariableTrueTest" classname="telran.strings.RegularExpressionsTest" time="0.0"/>
  <testcase name="number0_300TrueTest" classname="telran.strings.RegularExpressionsTest" time="0.001"/>
  <testcase name="number0_300FalseTest" classname="telran.strings.RegularExpressionsTest" time="0.001"/>
  <testcase name="ipV4AddressTrueTest" classname="telran.strings.RegularExpressionsTest" time="0.002"/>
</testsuite>